Determining if files clock.h exist failed with the following output:
Change Dir: /home/iaraya/ibex2020/CMakeFiles/CMakeTmp

Run Build Command:"/usr/bin/make" "cmTC_faab0/fast"
/usr/bin/make -f CMakeFiles/cmTC_faab0.dir/build.make CMakeFiles/cmTC_faab0.dir/build
make[1]: Entering directory '/home/iaraya/ibex2020/CMakeFiles/CMakeTmp'
Building C object CMakeFiles/cmTC_faab0.dir/CheckIncludeFiles.c.o
/usr/bin/cc    -o CMakeFiles/cmTC_faab0.dir/CheckIncludeFiles.c.o   -c /home/iaraya/ibex2020/CMakeFiles/CMakeTmp/CheckIncludeFiles.c
/home/iaraya/ibex2020/CMakeFiles/CMakeTmp/CheckIncludeFiles.c:2:10: fatal error: clock.h: No such file or directory
 #include <clock.h>
          ^~~~~~~~~
compilation terminated.
CMakeFiles/cmTC_faab0.dir/build.make:65: recipe for target 'CMakeFiles/cmTC_faab0.dir/CheckIncludeFiles.c.o' failed
make[1]: *** [CMakeFiles/cmTC_faab0.dir/CheckIncludeFiles.c.o] Error 1
make[1]: Leaving directory '/home/iaraya/ibex2020/CMakeFiles/CMakeTmp'
Makefile:126: recipe for target 'cmTC_faab0/fast' failed
make: *** [cmTC_faab0/fast] Error 2

Source:
/* */
#include <clock.h>


int main(void){return 0;}

Determining if the function fesetround exists failed with the following output:
Change Dir: /home/iaraya/ibex2020/CMakeFiles/CMakeTmp

Run Build Command:"/usr/bin/make" "cmTC_e057c/fast"
/usr/bin/make -f CMakeFiles/cmTC_e057c.dir/build.make CMakeFiles/cmTC_e057c.dir/build
make[1]: Entering directory '/home/iaraya/ibex2020/CMakeFiles/CMakeTmp'
Building C object CMakeFiles/cmTC_e057c.dir/CheckFunctionExists.c.o
/usr/bin/cc   -DCHECK_FUNCTION_EXISTS=fesetround   -o CMakeFiles/cmTC_e057c.dir/CheckFunctionExists.c.o   -c /usr/share/cmake-3.10/Modules/CheckFunctionExists.c
Linking C executable cmTC_e057c
/usr/bin/cmake -E cmake_link_script CMakeFiles/cmTC_e057c.dir/link.txt --verbose=1
/usr/bin/cc  -DCHECK_FUNCTION_EXISTS=fesetround    CMakeFiles/cmTC_e057c.dir/CheckFunctionExists.c.o  -o cmTC_e057c 
CMakeFiles/cmTC_e057c.dir/CheckFunctionExists.c.o: In function `main':
CheckFunctionExists.c:(.text+0x10): undefined reference to `fesetround'
collect2: error: ld returned 1 exit status
CMakeFiles/cmTC_e057c.dir/build.make:97: recipe for target 'cmTC_e057c' failed
make[1]: *** [cmTC_e057c] Error 1
make[1]: Leaving directory '/home/iaraya/ibex2020/CMakeFiles/CMakeTmp'
Makefile:126: recipe for target 'cmTC_e057c/fast' failed
make: *** [cmTC_e057c/fast] Error 2


Determining if the function floor exists failed with the following output:
Change Dir: /home/iaraya/ibex2020/CMakeFiles/CMakeTmp

Run Build Command:"/usr/bin/make" "cmTC_350bd/fast"
/usr/bin/make -f CMakeFiles/cmTC_350bd.dir/build.make CMakeFiles/cmTC_350bd.dir/build
make[1]: Entering directory '/home/iaraya/ibex2020/CMakeFiles/CMakeTmp'
Building C object CMakeFiles/cmTC_350bd.dir/CheckFunctionExists.c.o
/usr/bin/cc   -DCHECK_FUNCTION_EXISTS=floor   -o CMakeFiles/cmTC_350bd.dir/CheckFunctionExists.c.o   -c /usr/share/cmake-3.10/Modules/CheckFunctionExists.c
<command-line>:0:23: warning: conflicting types for built-in function 'floor' [-Wbuiltin-declaration-mismatch]
/usr/share/cmake-3.10/Modules/CheckFunctionExists.c:7:3: note: in expansion of macro 'CHECK_FUNCTION_EXISTS'
   CHECK_FUNCTION_EXISTS(void);
   ^~~~~~~~~~~~~~~~~~~~~
Linking C executable cmTC_350bd
/usr/bin/cmake -E cmake_link_script CMakeFiles/cmTC_350bd.dir/link.txt --verbose=1
/usr/bin/cc  -DCHECK_FUNCTION_EXISTS=floor    CMakeFiles/cmTC_350bd.dir/CheckFunctionExists.c.o  -o cmTC_350bd 
CMakeFiles/cmTC_350bd.dir/CheckFunctionExists.c.o: In function `main':
CheckFunctionExists.c:(.text+0x10): undefined reference to `floor'
collect2: error: ld returned 1 exit status
CMakeFiles/cmTC_350bd.dir/build.make:97: recipe for target 'cmTC_350bd' failed
make[1]: *** [cmTC_350bd] Error 1
make[1]: Leaving directory '/home/iaraya/ibex2020/CMakeFiles/CMakeTmp'
Makefile:126: recipe for target 'cmTC_350bd/fast' failed
make: *** [cmTC_350bd/fast] Error 2


Determining if the function pow exists failed with the following output:
Change Dir: /home/iaraya/ibex2020/CMakeFiles/CMakeTmp

Run Build Command:"/usr/bin/make" "cmTC_b70f0/fast"
/usr/bin/make -f CMakeFiles/cmTC_b70f0.dir/build.make CMakeFiles/cmTC_b70f0.dir/build
make[1]: Entering directory '/home/iaraya/ibex2020/CMakeFiles/CMakeTmp'
Building C object CMakeFiles/cmTC_b70f0.dir/CheckFunctionExists.c.o
/usr/bin/cc   -DCHECK_FUNCTION_EXISTS=pow   -o CMakeFiles/cmTC_b70f0.dir/CheckFunctionExists.c.o   -c /usr/share/cmake-3.10/Modules/CheckFunctionExists.c
<command-line>:0:23: warning: conflicting types for built-in function 'pow' [-Wbuiltin-declaration-mismatch]
/usr/share/cmake-3.10/Modules/CheckFunctionExists.c:7:3: note: in expansion of macro 'CHECK_FUNCTION_EXISTS'
   CHECK_FUNCTION_EXISTS(void);
   ^~~~~~~~~~~~~~~~~~~~~
Linking C executable cmTC_b70f0
/usr/bin/cmake -E cmake_link_script CMakeFiles/cmTC_b70f0.dir/link.txt --verbose=1
/usr/bin/cc  -DCHECK_FUNCTION_EXISTS=pow    CMakeFiles/cmTC_b70f0.dir/CheckFunctionExists.c.o  -o cmTC_b70f0 
CMakeFiles/cmTC_b70f0.dir/CheckFunctionExists.c.o: In function `main':
CheckFunctionExists.c:(.text+0x10): undefined reference to `pow'
collect2: error: ld returned 1 exit status
CMakeFiles/cmTC_b70f0.dir/build.make:97: recipe for target 'cmTC_b70f0' failed
make[1]: *** [cmTC_b70f0] Error 1
make[1]: Leaving directory '/home/iaraya/ibex2020/CMakeFiles/CMakeTmp'
Makefile:126: recipe for target 'cmTC_b70f0/fast' failed
make: *** [cmTC_b70f0/fast] Error 2


Determining if the function sqrt exists failed with the following output:
Change Dir: /home/iaraya/ibex2020/CMakeFiles/CMakeTmp

Run Build Command:"/usr/bin/make" "cmTC_3a9a6/fast"
/usr/bin/make -f CMakeFiles/cmTC_3a9a6.dir/build.make CMakeFiles/cmTC_3a9a6.dir/build
make[1]: Entering directory '/home/iaraya/ibex2020/CMakeFiles/CMakeTmp'
Building C object CMakeFiles/cmTC_3a9a6.dir/CheckFunctionExists.c.o
/usr/bin/cc   -DCHECK_FUNCTION_EXISTS=sqrt   -o CMakeFiles/cmTC_3a9a6.dir/CheckFunctionExists.c.o   -c /usr/share/cmake-3.10/Modules/CheckFunctionExists.c
<command-line>:0:23: warning: conflicting types for built-in function 'sqrt' [-Wbuiltin-declaration-mismatch]
/usr/share/cmake-3.10/Modules/CheckFunctionExists.c:7:3: note: in expansion of macro 'CHECK_FUNCTION_EXISTS'
   CHECK_FUNCTION_EXISTS(void);
   ^~~~~~~~~~~~~~~~~~~~~
Linking C executable cmTC_3a9a6
/usr/bin/cmake -E cmake_link_script CMakeFiles/cmTC_3a9a6.dir/link.txt --verbose=1
/usr/bin/cc  -DCHECK_FUNCTION_EXISTS=sqrt    CMakeFiles/cmTC_3a9a6.dir/CheckFunctionExists.c.o  -o cmTC_3a9a6 
CMakeFiles/cmTC_3a9a6.dir/CheckFunctionExists.c.o: In function `main':
CheckFunctionExists.c:(.text+0x10): undefined reference to `sqrt'
collect2: error: ld returned 1 exit status
CMakeFiles/cmTC_3a9a6.dir/build.make:97: recipe for target 'cmTC_3a9a6' failed
make[1]: *** [cmTC_3a9a6] Error 1
make[1]: Leaving directory '/home/iaraya/ibex2020/CMakeFiles/CMakeTmp'
Makefile:126: recipe for target 'cmTC_3a9a6/fast' failed
make: *** [cmTC_3a9a6/fast] Error 2


Determining if the function round exists failed with the following output:
Change Dir: /home/iaraya/ibex2020/CMakeFiles/CMakeTmp

Run Build Command:"/usr/bin/make" "cmTC_9c924/fast"
/usr/bin/make -f CMakeFiles/cmTC_9c924.dir/build.make CMakeFiles/cmTC_9c924.dir/build
make[1]: Entering directory '/home/iaraya/ibex2020/CMakeFiles/CMakeTmp'
Building C object CMakeFiles/cmTC_9c924.dir/CheckFunctionExists.c.o
/usr/bin/cc   -DCHECK_FUNCTION_EXISTS=round   -o CMakeFiles/cmTC_9c924.dir/CheckFunctionExists.c.o   -c /usr/share/cmake-3.10/Modules/CheckFunctionExists.c
<command-line>:0:23: warning: conflicting types for built-in function 'round' [-Wbuiltin-declaration-mismatch]
/usr/share/cmake-3.10/Modules/CheckFunctionExists.c:7:3: note: in expansion of macro 'CHECK_FUNCTION_EXISTS'
   CHECK_FUNCTION_EXISTS(void);
   ^~~~~~~~~~~~~~~~~~~~~
Linking C executable cmTC_9c924
/usr/bin/cmake -E cmake_link_script CMakeFiles/cmTC_9c924.dir/link.txt --verbose=1
/usr/bin/cc  -DCHECK_FUNCTION_EXISTS=round    CMakeFiles/cmTC_9c924.dir/CheckFunctionExists.c.o  -o cmTC_9c924 
CMakeFiles/cmTC_9c924.dir/CheckFunctionExists.c.o: In function `main':
CheckFunctionExists.c:(.text+0x10): undefined reference to `round'
collect2: error: ld returned 1 exit status
CMakeFiles/cmTC_9c924.dir/build.make:97: recipe for target 'cmTC_9c924' failed
make[1]: *** [cmTC_9c924] Error 1
make[1]: Leaving directory '/home/iaraya/ibex2020/CMakeFiles/CMakeTmp'
Makefile:126: recipe for target 'cmTC_9c924/fast' failed
make: *** [cmTC_9c924/fast] Error 2


Determining if the function rint exists failed with the following output:
Change Dir: /home/iaraya/ibex2020/CMakeFiles/CMakeTmp

Run Build Command:"/usr/bin/make" "cmTC_f7213/fast"
/usr/bin/make -f CMakeFiles/cmTC_f7213.dir/build.make CMakeFiles/cmTC_f7213.dir/build
make[1]: Entering directory '/home/iaraya/ibex2020/CMakeFiles/CMakeTmp'
Building C object CMakeFiles/cmTC_f7213.dir/CheckFunctionExists.c.o
/usr/bin/cc   -DCHECK_FUNCTION_EXISTS=rint   -o CMakeFiles/cmTC_f7213.dir/CheckFunctionExists.c.o   -c /usr/share/cmake-3.10/Modules/CheckFunctionExists.c
<command-line>:0:23: warning: conflicting types for built-in function 'rint' [-Wbuiltin-declaration-mismatch]
/usr/share/cmake-3.10/Modules/CheckFunctionExists.c:7:3: note: in expansion of macro 'CHECK_FUNCTION_EXISTS'
   CHECK_FUNCTION_EXISTS(void);
   ^~~~~~~~~~~~~~~~~~~~~
Linking C executable cmTC_f7213
/usr/bin/cmake -E cmake_link_script CMakeFiles/cmTC_f7213.dir/link.txt --verbose=1
/usr/bin/cc  -DCHECK_FUNCTION_EXISTS=rint    CMakeFiles/cmTC_f7213.dir/CheckFunctionExists.c.o  -o cmTC_f7213 
CMakeFiles/cmTC_f7213.dir/CheckFunctionExists.c.o: In function `main':
CheckFunctionExists.c:(.text+0x10): undefined reference to `rint'
collect2: error: ld returned 1 exit status
CMakeFiles/cmTC_f7213.dir/build.make:97: recipe for target 'cmTC_f7213' failed
make[1]: *** [cmTC_f7213] Error 1
make[1]: Leaving directory '/home/iaraya/ibex2020/CMakeFiles/CMakeTmp'
Makefile:126: recipe for target 'cmTC_f7213/fast' failed
make: *** [cmTC_f7213/fast] Error 2


Performing C++ SOURCE FILE Test COMPILER_SUPPORTS_OPTIM failed with the following output:
Change Dir: /home/iaraya/ibex2020/CMakeFiles/CMakeTmp

Run Build Command:"/usr/bin/make" "cmTC_b9d66/fast"
/usr/bin/make -f CMakeFiles/cmTC_b9d66.dir/build.make CMakeFiles/cmTC_b9d66.dir/build
make[1]: Entering directory '/home/iaraya/ibex2020/CMakeFiles/CMakeTmp'
Building CXX object CMakeFiles/cmTC_b9d66.dir/src.cxx.o
/usr/bin/c++    -DCOMPILER_SUPPORTS_OPTIM   -fexpensive-optimizations -o CMakeFiles/cmTC_b9d66.dir/src.cxx.o -c /home/iaraya/ibex2020/CMakeFiles/CMakeTmp/src.cxx
clang: warning: optimization flag '-fexpensive-optimizations' is not supported [-Wignored-optimization-argument]
Linking CXX executable cmTC_b9d66
/usr/bin/cmake -E cmake_link_script CMakeFiles/cmTC_b9d66.dir/link.txt --verbose=1
/usr/bin/c++   -DCOMPILER_SUPPORTS_OPTIM    CMakeFiles/cmTC_b9d66.dir/src.cxx.o  -o cmTC_b9d66 
make[1]: Leaving directory '/home/iaraya/ibex2020/CMakeFiles/CMakeTmp'

Source file was:
int main() { return 0; }
Performing C++ SOURCE FILE Test HAVE_ROUNDING_MATH_OPTION failed with the following output:
Change Dir: /home/iaraya/ibex2020/CMakeFiles/CMakeTmp

Run Build Command:"/usr/bin/make" "cmTC_72d77/fast"
/usr/bin/make -f CMakeFiles/cmTC_72d77.dir/build.make CMakeFiles/cmTC_72d77.dir/build
make[1]: Entering directory '/home/iaraya/ibex2020/CMakeFiles/CMakeTmp'
Building CXX object CMakeFiles/cmTC_72d77.dir/src.cxx.o
/usr/bin/c++    -DHAVE_ROUNDING_MATH_OPTION   -frounding-math -o CMakeFiles/cmTC_72d77.dir/src.cxx.o -c /home/iaraya/ibex2020/CMakeFiles/CMakeTmp/src.cxx
clang: warning: optimization flag '-frounding-math' is not supported [-Wignored-optimization-argument]
Linking CXX executable cmTC_72d77
/usr/bin/cmake -E cmake_link_script CMakeFiles/cmTC_72d77.dir/link.txt --verbose=1
/usr/bin/c++   -DHAVE_ROUNDING_MATH_OPTION    CMakeFiles/cmTC_72d77.dir/src.cxx.o  -o cmTC_72d77 
make[1]: Leaving directory '/home/iaraya/ibex2020/CMakeFiles/CMakeTmp'

Source file was:
int main() { return 0; }
Determining if files clock.h exist failed with the following output:
Change Dir: /home/ignacio/ibex_revmono/CMakeFiles/CMakeScratch/TryCompile-a0tNVs

Run Build Command(s):/usr/bin/gmake -f Makefile cmTC_1d85c/fast && /usr/bin/gmake  -f CMakeFiles/cmTC_1d85c.dir/build.make CMakeFiles/cmTC_1d85c.dir/build
gmake[1]: se entra en el directorio '/home/ignacio/ibex_revmono/CMakeFiles/CMakeScratch/TryCompile-a0tNVs'
Building C object CMakeFiles/cmTC_1d85c.dir/HAVE_CLOCK_H.c.o
/usr/bin/cc    -o CMakeFiles/cmTC_1d85c.dir/HAVE_CLOCK_H.c.o -c /home/ignacio/ibex_revmono/CMakeFiles/CMakeScratch/TryCompile-a0tNVs/HAVE_CLOCK_H.c
/home/ignacio/ibex_revmono/CMakeFiles/CMakeScratch/TryCompile-a0tNVs/HAVE_CLOCK_H.c:2:10: fatal error: clock.h: No existe el fichero o el directorio
    2 | #include <clock.h>
      |          ^~~~~~~~~
compilation terminated.
gmake[1]: *** [CMakeFiles/cmTC_1d85c.dir/build.make:78: CMakeFiles/cmTC_1d85c.dir/HAVE_CLOCK_H.c.o] Error 1
gmake[1]: se sale del directorio '/home/ignacio/ibex_revmono/CMakeFiles/CMakeScratch/TryCompile-a0tNVs'
gmake: *** [Makefile:127: cmTC_1d85c/fast] Error 2


Source:
/* */
#include <clock.h>


int main(void){return 0;}

Determining if the function fesetround exists failed with the following output:
Change Dir: /home/ignacio/ibex_revmono/CMakeFiles/CMakeScratch/TryCompile-ew70m1

Run Build Command(s):/usr/bin/gmake -f Makefile cmTC_8b92b/fast && /usr/bin/gmake  -f CMakeFiles/cmTC_8b92b.dir/build.make CMakeFiles/cmTC_8b92b.dir/build
gmake[1]: se entra en el directorio '/home/ignacio/ibex_revmono/CMakeFiles/CMakeScratch/TryCompile-ew70m1'
Building C object CMakeFiles/cmTC_8b92b.dir/CheckFunctionExists.c.o
/usr/bin/cc   -DCHECK_FUNCTION_EXISTS=fesetround -o CMakeFiles/cmTC_8b92b.dir/CheckFunctionExists.c.o -c /home/ignacio/ibex_revmono/CMakeFiles/CMakeScratch/TryCompile-ew70m1/CheckFunctionExists.c
<command-line>: warning: conflicting types for built-in function ‘fesetround’; expected ‘int(int)’ [-Wbuiltin-declaration-mismatch]
<command-line>: note: in definition of macro ‘CHECK_FUNCTION_EXISTS’
Linking C executable cmTC_8b92b
/usr/bin/cmake -E cmake_link_script CMakeFiles/cmTC_8b92b.dir/link.txt --verbose=1
/usr/bin/cc  -DCHECK_FUNCTION_EXISTS=fesetround CMakeFiles/cmTC_8b92b.dir/CheckFunctionExists.c.o -o cmTC_8b92b 
/usr/bin/ld: CMakeFiles/cmTC_8b92b.dir/CheckFunctionExists.c.o: en la función `main':
CheckFunctionExists.c:(.text+0x10): referencia a `fesetround' sin definir
collect2: error: ld returned 1 exit status
gmake[1]: *** [CMakeFiles/cmTC_8b92b.dir/build.make:99: cmTC_8b92b] Error 1
gmake[1]: se sale del directorio '/home/ignacio/ibex_revmono/CMakeFiles/CMakeScratch/TryCompile-ew70m1'
gmake: *** [Makefile:127: cmTC_8b92b/fast] Error 2



Determining if the function floor exists failed with the following output:
Change Dir: /home/ignacio/ibex_revmono/CMakeFiles/CMakeScratch/TryCompile-cwPBH2

Run Build Command(s):/usr/bin/gmake -f Makefile cmTC_72e89/fast && /usr/bin/gmake  -f CMakeFiles/cmTC_72e89.dir/build.make CMakeFiles/cmTC_72e89.dir/build
gmake[1]: se entra en el directorio '/home/ignacio/ibex_revmono/CMakeFiles/CMakeScratch/TryCompile-cwPBH2'
Building C object CMakeFiles/cmTC_72e89.dir/CheckFunctionExists.c.o
/usr/bin/cc   -DCHECK_FUNCTION_EXISTS=floor -o CMakeFiles/cmTC_72e89.dir/CheckFunctionExists.c.o -c /home/ignacio/ibex_revmono/CMakeFiles/CMakeScratch/TryCompile-cwPBH2/CheckFunctionExists.c
<command-line>: warning: conflicting types for built-in function ‘floor’; expected ‘double(double)’ [-Wbuiltin-declaration-mismatch]
/home/ignacio/ibex_revmono/CMakeFiles/CMakeScratch/TryCompile-cwPBH2/CheckFunctionExists.c:7:3: note: in expansion of macro ‘CHECK_FUNCTION_EXISTS’
    7 |   CHECK_FUNCTION_EXISTS(void);
      |   ^~~~~~~~~~~~~~~~~~~~~
/home/ignacio/ibex_revmono/CMakeFiles/CMakeScratch/TryCompile-cwPBH2/CheckFunctionExists.c:1:1: note: ‘floor’ is declared in header ‘<math.h>’
  +++ |+#include <math.h>
    1 | #ifdef CHECK_FUNCTION_EXISTS
Linking C executable cmTC_72e89
/usr/bin/cmake -E cmake_link_script CMakeFiles/cmTC_72e89.dir/link.txt --verbose=1
/usr/bin/cc  -DCHECK_FUNCTION_EXISTS=floor CMakeFiles/cmTC_72e89.dir/CheckFunctionExists.c.o -o cmTC_72e89 
/usr/bin/ld: CMakeFiles/cmTC_72e89.dir/CheckFunctionExists.c.o: en la función `main':
CheckFunctionExists.c:(.text+0x10): referencia a `floor' sin definir
collect2: error: ld returned 1 exit status
gmake[1]: *** [CMakeFiles/cmTC_72e89.dir/build.make:99: cmTC_72e89] Error 1
gmake[1]: se sale del directorio '/home/ignacio/ibex_revmono/CMakeFiles/CMakeScratch/TryCompile-cwPBH2'
gmake: *** [Makefile:127: cmTC_72e89/fast] Error 2



Determining if the function pow exists failed with the following output:
Change Dir: /home/ignacio/ibex_revmono/CMakeFiles/CMakeScratch/TryCompile-rVqAFI

Run Build Command(s):/usr/bin/gmake -f Makefile cmTC_a6128/fast && /usr/bin/gmake  -f CMakeFiles/cmTC_a6128.dir/build.make CMakeFiles/cmTC_a6128.dir/build
gmake[1]: se entra en el directorio '/home/ignacio/ibex_revmono/CMakeFiles/CMakeScratch/TryCompile-rVqAFI'
Building C object CMakeFiles/cmTC_a6128.dir/CheckFunctionExists.c.o
/usr/bin/cc   -DCHECK_FUNCTION_EXISTS=pow -o CMakeFiles/cmTC_a6128.dir/CheckFunctionExists.c.o -c /home/ignacio/ibex_revmono/CMakeFiles/CMakeScratch/TryCompile-rVqAFI/CheckFunctionExists.c
<command-line>: warning: conflicting types for built-in function ‘pow’; expected ‘double(double,  double)’ [-Wbuiltin-declaration-mismatch]
/home/ignacio/ibex_revmono/CMakeFiles/CMakeScratch/TryCompile-rVqAFI/CheckFunctionExists.c:7:3: note: in expansion of macro ‘CHECK_FUNCTION_EXISTS’
    7 |   CHECK_FUNCTION_EXISTS(void);
      |   ^~~~~~~~~~~~~~~~~~~~~
/home/ignacio/ibex_revmono/CMakeFiles/CMakeScratch/TryCompile-rVqAFI/CheckFunctionExists.c:1:1: note: ‘pow’ is declared in header ‘<math.h>’
  +++ |+#include <math.h>
    1 | #ifdef CHECK_FUNCTION_EXISTS
Linking C executable cmTC_a6128
/usr/bin/cmake -E cmake_link_script CMakeFiles/cmTC_a6128.dir/link.txt --verbose=1
/usr/bin/cc  -DCHECK_FUNCTION_EXISTS=pow CMakeFiles/cmTC_a6128.dir/CheckFunctionExists.c.o -o cmTC_a6128 
/usr/bin/ld: CMakeFiles/cmTC_a6128.dir/CheckFunctionExists.c.o: en la función `main':
CheckFunctionExists.c:(.text+0x10): referencia a `pow' sin definir
collect2: error: ld returned 1 exit status
gmake[1]: *** [CMakeFiles/cmTC_a6128.dir/build.make:99: cmTC_a6128] Error 1
gmake[1]: se sale del directorio '/home/ignacio/ibex_revmono/CMakeFiles/CMakeScratch/TryCompile-rVqAFI'
gmake: *** [Makefile:127: cmTC_a6128/fast] Error 2



Determining if the function sqrt exists failed with the following output:
Change Dir: /home/ignacio/ibex_revmono/CMakeFiles/CMakeScratch/TryCompile-jJWmj5

Run Build Command(s):/usr/bin/gmake -f Makefile cmTC_12176/fast && /usr/bin/gmake  -f CMakeFiles/cmTC_12176.dir/build.make CMakeFiles/cmTC_12176.dir/build
gmake[1]: se entra en el directorio '/home/ignacio/ibex_revmono/CMakeFiles/CMakeScratch/TryCompile-jJWmj5'
Building C object CMakeFiles/cmTC_12176.dir/CheckFunctionExists.c.o
/usr/bin/cc   -DCHECK_FUNCTION_EXISTS=sqrt -o CMakeFiles/cmTC_12176.dir/CheckFunctionExists.c.o -c /home/ignacio/ibex_revmono/CMakeFiles/CMakeScratch/TryCompile-jJWmj5/CheckFunctionExists.c
<command-line>: warning: conflicting types for built-in function ‘sqrt’; expected ‘double(double)’ [-Wbuiltin-declaration-mismatch]
/home/ignacio/ibex_revmono/CMakeFiles/CMakeScratch/TryCompile-jJWmj5/CheckFunctionExists.c:7:3: note: in expansion of macro ‘CHECK_FUNCTION_EXISTS’
    7 |   CHECK_FUNCTION_EXISTS(void);
      |   ^~~~~~~~~~~~~~~~~~~~~
/home/ignacio/ibex_revmono/CMakeFiles/CMakeScratch/TryCompile-jJWmj5/CheckFunctionExists.c:1:1: note: ‘sqrt’ is declared in header ‘<math.h>’
  +++ |+#include <math.h>
    1 | #ifdef CHECK_FUNCTION_EXISTS
Linking C executable cmTC_12176
/usr/bin/cmake -E cmake_link_script CMakeFiles/cmTC_12176.dir/link.txt --verbose=1
/usr/bin/cc  -DCHECK_FUNCTION_EXISTS=sqrt CMakeFiles/cmTC_12176.dir/CheckFunctionExists.c.o -o cmTC_12176 
/usr/bin/ld: CMakeFiles/cmTC_12176.dir/CheckFunctionExists.c.o: en la función `main':
CheckFunctionExists.c:(.text+0x10): referencia a `sqrt' sin definir
collect2: error: ld returned 1 exit status
gmake[1]: *** [CMakeFiles/cmTC_12176.dir/build.make:99: cmTC_12176] Error 1
gmake[1]: se sale del directorio '/home/ignacio/ibex_revmono/CMakeFiles/CMakeScratch/TryCompile-jJWmj5'
gmake: *** [Makefile:127: cmTC_12176/fast] Error 2



Determining if the function round exists failed with the following output:
Change Dir: /home/ignacio/ibex_revmono/CMakeFiles/CMakeScratch/TryCompile-CBin9J

Run Build Command(s):/usr/bin/gmake -f Makefile cmTC_9e682/fast && /usr/bin/gmake  -f CMakeFiles/cmTC_9e682.dir/build.make CMakeFiles/cmTC_9e682.dir/build
gmake[1]: se entra en el directorio '/home/ignacio/ibex_revmono/CMakeFiles/CMakeScratch/TryCompile-CBin9J'
Building C object CMakeFiles/cmTC_9e682.dir/CheckFunctionExists.c.o
/usr/bin/cc   -DCHECK_FUNCTION_EXISTS=round -o CMakeFiles/cmTC_9e682.dir/CheckFunctionExists.c.o -c /home/ignacio/ibex_revmono/CMakeFiles/CMakeScratch/TryCompile-CBin9J/CheckFunctionExists.c
<command-line>: warning: conflicting types for built-in function ‘round’; expected ‘double(double)’ [-Wbuiltin-declaration-mismatch]
/home/ignacio/ibex_revmono/CMakeFiles/CMakeScratch/TryCompile-CBin9J/CheckFunctionExists.c:7:3: note: in expansion of macro ‘CHECK_FUNCTION_EXISTS’
    7 |   CHECK_FUNCTION_EXISTS(void);
      |   ^~~~~~~~~~~~~~~~~~~~~
/home/ignacio/ibex_revmono/CMakeFiles/CMakeScratch/TryCompile-CBin9J/CheckFunctionExists.c:1:1: note: ‘round’ is declared in header ‘<math.h>’
  +++ |+#include <math.h>
    1 | #ifdef CHECK_FUNCTION_EXISTS
Linking C executable cmTC_9e682
/usr/bin/cmake -E cmake_link_script CMakeFiles/cmTC_9e682.dir/link.txt --verbose=1
/usr/bin/cc  -DCHECK_FUNCTION_EXISTS=round CMakeFiles/cmTC_9e682.dir/CheckFunctionExists.c.o -o cmTC_9e682 
/usr/bin/ld: CMakeFiles/cmTC_9e682.dir/CheckFunctionExists.c.o: en la función `main':
CheckFunctionExists.c:(.text+0x10): referencia a `round' sin definir
collect2: error: ld returned 1 exit status
gmake[1]: *** [CMakeFiles/cmTC_9e682.dir/build.make:99: cmTC_9e682] Error 1
gmake[1]: se sale del directorio '/home/ignacio/ibex_revmono/CMakeFiles/CMakeScratch/TryCompile-CBin9J'
gmake: *** [Makefile:127: cmTC_9e682/fast] Error 2



Determining if the function rint exists failed with the following output:
Change Dir: /home/ignacio/ibex_revmono/CMakeFiles/CMakeScratch/TryCompile-iUIGLI

Run Build Command(s):/usr/bin/gmake -f Makefile cmTC_73b83/fast && /usr/bin/gmake  -f CMakeFiles/cmTC_73b83.dir/build.make CMakeFiles/cmTC_73b83.dir/build
gmake[1]: se entra en el directorio '/home/ignacio/ibex_revmono/CMakeFiles/CMakeScratch/TryCompile-iUIGLI'
Building C object CMakeFiles/cmTC_73b83.dir/CheckFunctionExists.c.o
/usr/bin/cc   -DCHECK_FUNCTION_EXISTS=rint -o CMakeFiles/cmTC_73b83.dir/CheckFunctionExists.c.o -c /home/ignacio/ibex_revmono/CMakeFiles/CMakeScratch/TryCompile-iUIGLI/CheckFunctionExists.c
<command-line>: warning: conflicting types for built-in function ‘rint’; expected ‘double(double)’ [-Wbuiltin-declaration-mismatch]
/home/ignacio/ibex_revmono/CMakeFiles/CMakeScratch/TryCompile-iUIGLI/CheckFunctionExists.c:7:3: note: in expansion of macro ‘CHECK_FUNCTION_EXISTS’
    7 |   CHECK_FUNCTION_EXISTS(void);
      |   ^~~~~~~~~~~~~~~~~~~~~
/home/ignacio/ibex_revmono/CMakeFiles/CMakeScratch/TryCompile-iUIGLI/CheckFunctionExists.c:1:1: note: ‘rint’ is declared in header ‘<math.h>’
  +++ |+#include <math.h>
    1 | #ifdef CHECK_FUNCTION_EXISTS
Linking C executable cmTC_73b83
/usr/bin/cmake -E cmake_link_script CMakeFiles/cmTC_73b83.dir/link.txt --verbose=1
/usr/bin/cc  -DCHECK_FUNCTION_EXISTS=rint CMakeFiles/cmTC_73b83.dir/CheckFunctionExists.c.o -o cmTC_73b83 
/usr/bin/ld: CMakeFiles/cmTC_73b83.dir/CheckFunctionExists.c.o: en la función `main':
CheckFunctionExists.c:(.text+0x10): referencia a `rint' sin definir
collect2: error: ld returned 1 exit status
gmake[1]: *** [CMakeFiles/cmTC_73b83.dir/build.make:99: cmTC_73b83] Error 1
gmake[1]: se sale del directorio '/home/ignacio/ibex_revmono/CMakeFiles/CMakeScratch/TryCompile-iUIGLI'
gmake: *** [Makefile:127: cmTC_73b83/fast] Error 2



